  main.cpp
C:\Users\Mathieu\Documents\cours-ynov\Annee-B3\c++\asteroide\asteroide\main.cpp(30,35): warning C4244: 'argument' : conversion de 'int' en 'float', perte possible de données
C:\Users\Mathieu\Documents\cours-ynov\Annee-B3\c++\asteroide\asteroide\main.cpp(30,28): warning C4244: 'argument' : conversion de 'int' en 'float', perte possible de données
C:\Users\Mathieu\Documents\cours-ynov\Annee-B3\c++\asteroide\asteroide\main.cpp(38,1): warning C4267: 'initialisation' : conversion de 'size_t' en 'int', perte possible de données
C:\Users\Mathieu\Documents\cours-ynov\Annee-B3\c++\asteroide\asteroide\main.cpp(67,13): warning C4244: '=' : conversion de 'int' en 'float', perte possible de données
C:\Users\Mathieu\Documents\cours-ynov\Annee-B3\c++\asteroide\asteroide\main.cpp(67,20): warning C4244: '=' : conversion de 'int' en 'float', perte possible de données
C:\Users\Mathieu\Documents\cours-ynov\Annee-B3\c++\asteroide\asteroide\main.cpp(69,13): warning C4244: '=' : conversion de 'int' en 'float', perte possible de données
C:\Users\Mathieu\Documents\cours-ynov\Annee-B3\c++\asteroide\asteroide\main.cpp(96,25): warning C4244: '=' : conversion de 'int' en 'float', perte possible de données
C:\Users\Mathieu\Documents\cours-ynov\Annee-B3\c++\asteroide\asteroide\main.cpp(97,25): warning C4244: '=' : conversion de 'int' en 'float', perte possible de données
C:\Users\Mathieu\Documents\cours-ynov\Annee-B3\c++\asteroide\asteroide\main.cpp(149,1): warning C4244: '+=' : conversion de 'double' en 'float', perte possible de données
C:\Users\Mathieu\Documents\cours-ynov\Annee-B3\c++\asteroide\asteroide\main.cpp(150,1): warning C4244: '+=' : conversion de 'double' en 'float', perte possible de données
C:\Users\Mathieu\Documents\cours-ynov\Annee-B3\c++\asteroide\asteroide\main.cpp(154,1): warning C4305: '*=' : troncation de 'double' à 'float'
C:\Users\Mathieu\Documents\cours-ynov\Annee-B3\c++\asteroide\asteroide\main.cpp(155,1): warning C4305: '*=' : troncation de 'double' à 'float'
C:\Users\Mathieu\Documents\cours-ynov\Annee-B3\c++\asteroide\asteroide\main.cpp(186,15): warning C4244: 'argument' : conversion de 'time_t' en 'unsigned int', perte possible de données
C:\Users\Mathieu\Documents\cours-ynov\Annee-B3\c++\asteroide\asteroide\main.cpp(193,21): warning C4129: 'i' : caractère de séquence d'échappement non reconnu
C:\Users\Mathieu\Documents\cours-ynov\Annee-B3\c++\asteroide\asteroide\main.cpp(206,46): warning C4305: 'argument' : troncation de 'double' à 'float'
C:\Users\Mathieu\Documents\cours-ynov\Annee-B3\c++\asteroide\asteroide\main.cpp(207,52): warning C4305: 'argument' : troncation de 'double' à 'float'
C:\Users\Mathieu\Documents\cours-ynov\Annee-B3\c++\asteroide\asteroide\main.cpp(208,48): warning C4305: 'argument' : troncation de 'double' à 'float'
C:\Users\Mathieu\Documents\cours-ynov\Annee-B3\c++\asteroide\asteroide\main.cpp(219,59): warning C4244: 'argument' : conversion de 'int' en 'float', perte possible de données
C:\Users\Mathieu\Documents\cours-ynov\Annee-B3\c++\asteroide\asteroide\main.cpp(240,49): warning C4244: 'argument' : conversion de 'float' en 'int', perte possible de données
C:\Users\Mathieu\Documents\cours-ynov\Annee-B3\c++\asteroide\asteroide\main.cpp(240,43): warning C4244: 'argument' : conversion de 'float' en 'int', perte possible de données
C:\Users\Mathieu\Documents\cours-ynov\Annee-B3\c++\asteroide\asteroide\main.cpp(261,56): warning C4244: 'argument' : conversion de 'float' en 'int', perte possible de données
C:\Users\Mathieu\Documents\cours-ynov\Annee-B3\c++\asteroide\asteroide\main.cpp(261,50): warning C4244: 'argument' : conversion de 'float' en 'int', perte possible de données
C:\Users\Mathieu\Documents\cours-ynov\Annee-B3\c++\asteroide\asteroide\main.cpp(270,73): warning C4244: 'argument' : conversion de 'int' en 'float', perte possible de données
C:\Users\Mathieu\Documents\cours-ynov\Annee-B3\c++\asteroide\asteroide\main.cpp(270,61): warning C4244: 'argument' : conversion de 'float' en 'int', perte possible de données
C:\Users\Mathieu\Documents\cours-ynov\Annee-B3\c++\asteroide\asteroide\main.cpp(270,55): warning C4244: 'argument' : conversion de 'float' en 'int', perte possible de données
C:\Users\Mathieu\Documents\cours-ynov\Annee-B3\c++\asteroide\asteroide\main.cpp(282,61): warning C4244: 'argument' : conversion de 'float' en 'int', perte possible de données
C:\Users\Mathieu\Documents\cours-ynov\Annee-B3\c++\asteroide\asteroide\main.cpp(282,55): warning C4244: 'argument' : conversion de 'float' en 'int', perte possible de données
C:\Users\Mathieu\Documents\cours-ynov\Annee-B3\c++\asteroide\asteroide\main.cpp(303,54): warning C4244: 'argument' : conversion de 'int' en 'float', perte possible de données
  asteroide.vcxproj -> C:\Users\Mathieu\Documents\cours-ynov\Annee-B3\c++\asteroide\x64\Debug\asteroide.exe
